<?xml version="1.0" encoding="UTF-8"?>
<!-- Generated by org.testng.reporters.JUnitXMLReporter -->
<testsuite ignored="0" hostname="NarasimhaDevice" failures="0" tests="4" name="ParallelTestExecution" time="4.078" errors="0" timestamp="2025-08-18T14:33:45 IST">
  <testcase classname="TestNG_package.practice5b" name="testC" time="2.013"/>
  <testcase classname="TestNG_package.practice5a" name="testA" time="2.013"/>
  <testcase classname="TestNG_package.practice5b" name="testD" time="2.004"/>
  <testcase classname="TestNG_package.practice5a" name="testB" time="2.021"/>
</testsuite> <!-- ParallelTestExecution -->
